<?xml version="1.0" encoding="UTF-8"?>
<!-- Generated by org.testng.reporters.JUnitReportReporter -->
<testsuite hostname="7BJL4Z1" name="WebDriverTest.ContactRecord" tests="1" failures="0" timestamp="9 Mar 2017 01:39:05 GMT" time="99.025" errors="0">
  <testcase name="insertContact" time="99.025" classname="WebDriverTest.ContactRecord"/>
</testsuite> <!-- WebDriverTest.ContactRecord -->
