<?xml version="1.0" encoding="UTF-8"?>
<!-- Generated by org.testng.reporters.JUnitReportReporter -->
<testsuite hostname="7BJL4Z1" name="WebDriverTest.ContactRecord" tests="4" failures="0" timestamp="22 Mar 2017 08:48:11 GMT" time="284.634" errors="0">
  <testcase name="deleteContact" time="21.952" classname="WebDriverTest.ContactRecord"/>
  <testcase name="refreshContact" time="52.728" classname="WebDriverTest.ContactRecord"/>
  <testcase name="updateContact" time="92.901" classname="WebDriverTest.ContactRecord"/>
  <testcase name="insertContact" time="117.053" classname="WebDriverTest.ContactRecord"/>
</testsuite> <!-- WebDriverTest.ContactRecord -->
