<?xml version="1.0" encoding="UTF-8"?>
<!-- Generated by org.testng.reporters.JUnitReportReporter -->
<testsuite hostname="7BJL4Z1" name="WebDriverTest.ContactRecord" tests="1" failures="0" timestamp="28 Feb 2017 10:40:32 GMT" time="87.525" errors="0">
  <testcase name="insertContact" time="87.525" classname="WebDriverTest.ContactRecord"/>
</testsuite> <!-- WebDriverTest.ContactRecord -->
