<?xml version="1.0" encoding="UTF-8"?>
<!-- Generated by org.testng.reporters.JUnitReportReporter -->
<testsuite hostname="7BJL4Z1" name="WebDriverTest.RecordTestingForSingleRecords" tests="8" failures="0" timestamp="1 Apr 2017 10:56:40 GMT" time="672.918" errors="0">
  <testcase name="refreshOperation" time="78.518" classname="WebDriverTest.RecordTestingForSingleRecords"/>
  <testcase name="deleteOperation" time="33.794" classname="WebDriverTest.RecordTestingForSingleRecords"/>
  <testcase name="insertOperation" time="113.716" classname="WebDriverTest.RecordTestingForSingleRecords"/>
  <testcase name="refreshOperation" time="79.501" classname="WebDriverTest.RecordTestingForSingleRecords"/>
  <testcase name="updateOperation" time="106.065" classname="WebDriverTest.RecordTestingForSingleRecords"/>
  <testcase name="deleteOperation" time="32.966" classname="WebDriverTest.RecordTestingForSingleRecords"/>
  <testcase name="updateOperation" time="105.549" classname="WebDriverTest.RecordTestingForSingleRecords"/>
  <testcase name="insertOperation" time="122.809" classname="WebDriverTest.RecordTestingForSingleRecords"/>
</testsuite> <!-- WebDriverTest.RecordTestingForSingleRecords -->
