<?xml version="1.0" encoding="UTF-8"?>
<!-- Generated by org.testng.reporters.JUnitReportReporter -->
<testsuite hostname="7BJL4Z1" name="WebDriverTest.ContactRecord" tests="1" failures="0" timestamp="3 Feb 2017 03:03:26 GMT" time="55.653" errors="0">
  <testcase name="f" time="55.653" classname="WebDriverTest.ContactRecord"/>
</testsuite> <!-- WebDriverTest.ContactRecord -->
