<?xml version="1.0" encoding="UTF-8"?>
<!-- Generated by org.testng.reporters.JUnitReportReporter -->
<testsuite hostname="7BJL4Z1" name="util.RandomTest" tests="18" failures="0" timestamp="28 Mar 2017 02:25:33 GMT" time="1.746" errors="0">
  <testcase name="thTest" time="0.065" classname="util.RandomTest"/>
  <testcase name="secondTest" time="0.080" classname="util.RandomTest"/>
  <testcase name="secondTest" time="0.062" classname="util.RandomTest"/>
  <testcase name="secondTest" time="0.076" classname="util.RandomTest"/>
  <testcase name="firstTest" time="0.107" classname="util.RandomTest"/>
  <testcase name="secondTest" time="0.081" classname="util.RandomTest"/>
  <testcase name="firstTest" time="0.064" classname="util.RandomTest"/>
  <testcase name="thTest" time="0.075" classname="util.RandomTest"/>
  <testcase name="thTest" time="0.060" classname="util.RandomTest"/>
  <testcase name="thTest" time="0.070" classname="util.RandomTest"/>
  <testcase name="secondTest" time="0.076" classname="util.RandomTest"/>
  <testcase name="firstTest" time="0.063" classname="util.RandomTest"/>
  <testcase name="firstTest" time="0.077" classname="util.RandomTest"/>
  <testcase name="secondTest" time="0.068" classname="util.RandomTest"/>
  <testcase name="thTest" time="0.506" classname="util.RandomTest"/>
  <testcase name="thTest" time="0.077" classname="util.RandomTest"/>
  <testcase name="firstTest" time="0.063" classname="util.RandomTest"/>
  <testcase name="firstTest" time="0.076" classname="util.RandomTest"/>
</testsuite> <!-- util.RandomTest -->
