<?xml version="1.0" encoding="UTF-8"?>
<!-- Generated by org.testng.reporters.JUnitReportReporter -->
<testsuite hostname="7BJL4Z1" name="WebDriverTest.RecordTestingForSingleRecords" tests="8" failures="0" timestamp="31 Mar 2017 12:22:53 GMT" time="685.681" errors="0">
  <testcase name="insertOperation" time="114.770" classname="WebDriverTest.RecordTestingForSingleRecords"/>
  <testcase name="insertOperation" time="130.818" classname="WebDriverTest.RecordTestingForSingleRecords"/>
  <testcase name="refreshOperation" time="81.289" classname="WebDriverTest.RecordTestingForSingleRecords"/>
  <testcase name="deleteOperation" time="33.135" classname="WebDriverTest.RecordTestingForSingleRecords"/>
  <testcase name="refreshOperation" time="79.924" classname="WebDriverTest.RecordTestingForSingleRecords"/>
  <testcase name="deleteOperation" time="35.103" classname="WebDriverTest.RecordTestingForSingleRecords"/>
  <testcase name="updateOperation" time="103.079" classname="WebDriverTest.RecordTestingForSingleRecords"/>
  <testcase name="updateOperation" time="107.563" classname="WebDriverTest.RecordTestingForSingleRecords"/>
</testsuite> <!-- WebDriverTest.RecordTestingForSingleRecords -->
