<?xml version="1.0" encoding="UTF-8"?>
<!-- Generated by org.testng.reporters.JUnitReportReporter -->
<testsuite hostname="DESKTOP-SOD77OH" name="WebDriverTest.RecordTestingForSingleRecords" tests="4" failures="0" timestamp="16 May 2017 06:45:22 GMT" time="565.353" errors="0">
  <testcase name="insertOperation" time="175.095" classname="WebDriverTest.RecordTestingForSingleRecords"/>
  <testcase name="deleteOperation" time="44.912" classname="WebDriverTest.RecordTestingForSingleRecords"/>
  <testcase name="refreshOperation" time="149.671" classname="WebDriverTest.RecordTestingForSingleRecords"/>
  <testcase name="updateOperation" time="195.675" classname="WebDriverTest.RecordTestingForSingleRecords"/>
</testsuite> <!-- WebDriverTest.RecordTestingForSingleRecords -->
