<?xml version="1.0" encoding="UTF-8"?>
<!-- Generated by org.testng.reporters.JUnitReportReporter -->
<testsuite hostname="7BJL4Z1" name="WebDriverTest.NewTest" tests="1" failures="0" timestamp="28 Mar 2017 17:58:34 GMT" time="190.375" errors="0">
  <testcase name="testEasy" time="190.375" classname="WebDriverTest.NewTest"/>
</testsuite> <!-- WebDriverTest.NewTest -->
