<?xml version="1.0" encoding="UTF-8"?>
<!-- Generated by org.testng.reporters.JUnitReportReporter -->
<testsuite hostname="7BJL4Z1" name="WebDriverTest.RecordTesting" tests="8" failures="0" timestamp="30 Mar 2017 05:59:17 GMT" time="706.033" errors="0">
  <testcase name="insertOperation" time="113.327" classname="WebDriverTest.RecordTesting"/>
  <testcase name="refreshOperation" time="99.049" classname="WebDriverTest.RecordTesting"/>
  <testcase name="deleteOperation" time="35.888" classname="WebDriverTest.RecordTesting"/>
  <testcase name="updateOperation" time="106.789" classname="WebDriverTest.RecordTesting"/>
  <testcase name="refreshOperation" time="85.740" classname="WebDriverTest.RecordTesting"/>
  <testcase name="updateOperation" time="102.292" classname="WebDriverTest.RecordTesting"/>
  <testcase name="insertOperation" time="125.823" classname="WebDriverTest.RecordTesting"/>
  <testcase name="deleteOperation" time="37.125" classname="WebDriverTest.RecordTesting"/>
</testsuite> <!-- WebDriverTest.RecordTesting -->
