<?xml version="1.0" encoding="UTF-8"?>
<!-- Generated by org.testng.reporters.JUnitReportReporter -->
<testsuite hostname="7BJL4Z1" name="WebDriverTest.RecordTesting" tests="8" failures="0" timestamp="29 Mar 2017 17:59:09 GMT" time="678.669" errors="0">
  <testcase name="refreshOperation" time="85.123" classname="WebDriverTest.RecordTesting"/>
  <testcase name="deleteOperation" time="33.327" classname="WebDriverTest.RecordTesting"/>
  <testcase name="insertOperation" time="110.647" classname="WebDriverTest.RecordTesting"/>
  <testcase name="updateOperation" time="105.812" classname="WebDriverTest.RecordTesting"/>
  <testcase name="deleteOperation" time="35.836" classname="WebDriverTest.RecordTesting"/>
  <testcase name="updateOperation" time="104.386" classname="WebDriverTest.RecordTesting"/>
  <testcase name="insertOperation" time="123.563" classname="WebDriverTest.RecordTesting"/>
  <testcase name="refreshOperation" time="79.975" classname="WebDriverTest.RecordTesting"/>
</testsuite> <!-- WebDriverTest.RecordTesting -->
